[  00000] italincgoup ubs uset
[   000000]nialzing cgroup subsys cpu
[  00000] Initializing cgroup subsys cpuacct
[    0.000000Linux version 4.4.0-138-generic (buildd@lcy01-amd64-006) (gcc version 5.4.0 20160609 (Ubuntu 5.4.0-6ubuntu1~16.04.10) ) #164-Ubuntu SMP Tue Oct 2 17:16:02 UTC 2018 (Ubuntu 4.4.0-138.164-generic 4.4.155)
[    0.000000] Command line: BOOT_IMAGE=/boot/vmlinuz-4.4.0-138-generic root=LABEL=cloudimg-rootfs ro console=tty1 console=ttyS0
[    0.000000] KERNEL supported cpus:
[    0.000000]   Intel GenuineIntel
[    0.000000]   AMD AuthenticAMD
[    0.000000]   Centaur CentaurHauls
[    0.000000] x86/fpu: xstate_offset[2]:  576, xstate_sizes[2]:  256
[    0.000000] x86/fpu: Supporting XSAVE feature 0x01: 'x87 floating point registers'
[    0.000000] x86/fpu: Supporting XSAVE feature 0x02: 'SSE registers'
[    0.000000] x86/fpu: Supporting XSAVE feature 0x04: 'AVX registers'
[    0.000000] x86/fpu: Enabled xstate features 0x7, context size is 832 bytes, using 'standard' format.
[    0.000000] e820: BIOS-provided physical RAM map:
[    0.000000] BIOS-e820: [mem 0x0000000000000000-0x000000000009fbff] usable
[    0.000000] BIOS-e820: [mem 0x000000000009fc00-0x000000000009ffff] reserved
[    0.000000] BIOS-e820: [mem 0x00000000000f0000-0x00000000000fffff] reserved
[    0.000000] BIOS-e820: [mem 0x0000000000100000-0x000000007ffeffff] usable
[    0.000000] BIOS-e820: [mem 0x000000007fff0000-0x000000007fffffff] ACPI data
[    0.000000] BIOS-e820: [mem 0x00000000fec00000-0x00000000fec00fff] reserved
[    0.000000] BIOS-e820: [mem 0x00000000fee00000-0x00000000fee00fff] eserved
[    0.000000] BIOS-e820: [mem 0x00000000fffc0000-0x00000000ffffffff] reserved
[    0.000000] NX (Execute Disable) protection: active
[    0.000000] SMBIOS 2.5 present.
[    0.000000] Hypervisor detected: KVM
[    0.000000] e820: last_pfn = 0x7fff0 max_arch_pfn = 0x400000000
[    0.000000] MTRR: Disabled
[    0.000000] x86/PAT: MTRRs disabled, skipping PAT initialization too.
[    0.000000] CPU MTRRs all blank - virtualized system.
[    0.000000] x86/PAT: Configuration [0-7]: WB  WT  UC- UC  WB  WT  UC- UC  
[    0.000000] found SMP MP-table at [mem 0x0009fff0-0x0009ffff] mapped at [ffff88000009fff0]
[    0.000000] Scanning 1 areas for low memory corruption
[    0.000000] RAMDISK: [mem 0x3630c000-0x3717dfff]
[    0.000000] ACPI: Early table checksum verification disabled
[    0.000000] ACPI: RSDP 0x00000000000E0000 000024 (v02 VBOX  )
[    0.000000] ACPI: XSDT 0x000000007FFF0030 00003C (v01 VBOX   VBOXXSDT 00000001 ASL  00000061)
[    0.000000] ACPI: FACP 0x000000007FFF00F0 0000F4 (v04 OX  BOACP 000001 ASL  00000061)
[  00000AC: DST x00000FF470 0021FF (v02 VBOX   VBOXBIOS 00000002 INTL 20100528)
[    0.000000] ACPI: FACS 0x000000007FFF0200 000040
[   .0000] CP FCS 000007FF0000040
  0.0000AC: PIC x00007FF240005C (v02 VX VBXAPI 0001 ASL  00000061)
[    .000000] CP SDT 00000007FFF02A0 000CC(v01 OX VOXCPT 0000 IN 20028)
[    0.000000] No NUMA conigatn ound[   0.0000Faing  ne t mem 00000000000000-0x000000007ffeffff]
[    0.000000] NODE_DATA(0) allocated [mem 0x7ffeb000-0x7ffeffff
[   0.000000] kvm-clock: Using msrs 4b564d0 ad 4b564d00
[    0.000000] kvm-clock: cpu 0, msr 0:7ffe3001, primary cpu clock
[    0.000000] kvm-cock: usig sched offset of 3684851069 cycles
[    0.000000] clocksource: kvm-clock: mask: 0xffffffffffffffff max_cycles: 0x1cd42e4dffb, max_idle_ns: 881590591483 ns
[    0.000000] Zone ranges:
[    0.000000]   DMA      [mem 0x0000000000001000-0x0000000000ffffff]
[    0.000000]   DMA32    [mem 0x0000000001000000-0x000000007ffeffff]
[    0.000000]   Normal   empty
[    0.000000]   Device   empty
[    0.000000] Movable zone start for each node
[    0.000000] Early memory node ranges
[    0.000000]   node   0: [mem 0x0000000000001000-0x000000000009efff]
[    0.000000]   nde  0: [mm 0000000010000-0000007ffeffff
  0.0000] itm seupod0 [mm 0000000010-0x0000007ffeffff]
[    0.000000] ACPI: PM-Timer IO Port: 0x4008
[    0.000000] IOAPIC[0]: apicc_d 2, veron32, ddssxfec00, I 0-3   0.00000] ACPI: INTSR_O (bus 0bus_irq 0 global_irq 2 dfl dfl)
[    0.000000] ACPI: INT_SRC_OVR (bus 0 bus_irq 9 global_irq 9 lowevl)
[    0.000000] Using ACPI (MADT) for SMP configuration information
[    0.000000] smpboot: Allowing2 CP, hotplug CPUs
[    0.000000] PM: Registered nosave memory: [mem 0x00000000-0x00000fff]
[    0.000000] PM: Registered nosave memory: [mem0x00f000-0x0009ffff]
[    0.000000] PM: Registered nosave memory: [mem 0x000a0000-0x000effff]
[    0.000000] PM: Registered nosave memory: [mem 0x000f0000-0x000fffff]
[    0.000000] e820: [mem 0x80000000-0xfebfffff] available for PCI devices
[    0.000000] Booting paravirtualized kernel on KVM
[    0.000000] clocksource: refined-jiffies: as: 0xffffmax_cycs: 0xfffffff,ax_idle_ns: 7645519600211568 ns
[    0.000000] setup_percpu: NR_CPUS:12r_cumask_bits:512 nr_cpu_ids:2 nr_node_ids:1
[    0.000000] PERCPU: Embedded 34 pages/cpu @ffff88007fc00000 s99608 r8192 d31464 u1048576
[    0.0000 P qpinlck hash table entries: 256 (order: 0, 4096 bytes)
[    0.000000] Built 1 zonelists in Node order, mobility grouping on.  Total pages: 515960
[    0.000000] Policy zone: DMA32
[    0.000000] Kernel command line: BOOT_IMAGE=/boot/vmlinuz-4.4.0-138-generic root=LABEL=cloudimg-rootfs ro console=tty1 console=ttyS0
[    0.000000] PID hash table entries: 4096 (order: 3, 32768 bytes)
[  0.000000] Memory: 2029904K/2096696K available (8563K kernel code, 1314K rwdata, 4004K rodata, 1528K init, 1316K bss, 66792K reserved, 0K cma-reseved)
    0.000000] SLUB: HWalign=64, Order=0-3, MinObjects=0, CPUs=2, odes=1
[    0.000000] Kernel/User page tables isolation: enabled
[    0.000000] Hierarchical RCU implementation.
[    0.000000] 	Build-time adjustment of leaf fanout to 64.
[    0.000000] 	RCU restricting CPUs from NR_CPUS=512 to nr_cpuids=2.
[    0.000000] RCU: Adjusting geometry for rcu_fanout_leaf=64, nr_cpu_ids=2
[    0.000000] NR_IRQS:33024 nr_irqs:440 16
[   0.000000] Console: colour VGA+ 80x25
[    0.000000] console [tty1] enabled
[    0.000000] console [ttyS0] enabled
[    0.000000] tsc: Detected 3591.700 MHz processor
[  3.031402] Calibrating delay loop (skipped) preset value.. 7183.40 BogoMIPS (lpj=14366800)
[    3.051295] pid_max: default: 32768 minimum: 301
[    3.061885] ACPI: Core revision 20150930
[    3.063449] ACPI: 2 ACPI AML tables successfully acquired and loaded
[    3.067550] Security Framework initialized
[    3.068143] Yama: becoming mindful.
[    3.068689] AppArmor: AppArmor initialized
[    3.071337] Dentry cache hash table entries: 262144 (order: 9, 2097152 bytes)
[    3.106109] Inode-cache hash table entries: 131072 (order: 8, 1048576 bytes)
[    3.122406] Mount-cache hash table entries: 4096 (order: 3, 32768 bytes)
[    3.142317] Mountpoint-cache hash table entries: 4096 (order: 3, 32768 bytes)
[    3.182508] Initializing cgroup subsys io
[    3.183257] Initializing cgroup subsys memory
[    3.203975] Initializing cgroup subsys devices
[    3.219660] Initializing cgroup subsys freezer
[    3.223807] Initializing cgroup subsys net_cls
[    3.228342] Initializing cgroup subsys perf_event
[    3.229065] Initializing cgroup subsys net_prio
[    3.231183] Initializing cgroup subsys hugetlb
[    3.231821] Initializing cgroup subsys pids
[    3.233189] mce: CPU supports 0 MCE banks
[    3.248827] Last level iTLB entries: 4KB 1024, 2MB 1024, 4MB 1024
[    3.263437] Last level dTLB entries: 4KB 1024, 2MB 1024, 4MB 1024, 1GB 4
[    3.288103] Spectre V2 : Mitigation: Full generic retpoline
[    3.295688] Spectre V2 : Spectre v2 mitigation: Speculation control IBPB not-supported IBRS not-supported
[    3.296864] Spectre V2 : Spectre v2 / SpectreRSB mitigation: Filling RSB on context switch
[    3.298286] Speculative Store Bypass: Vulnerable
[    3.300814] Freeing SMP alternatives memory: 32K
[    3.346043] ftrace: allocating 32278 entries in 127 pages
[    3.398120] smpboot: APIC(0) Converting physical 0 to logical package 0
[    3.399179] smpboot: Max logical packages: 1
[    3.400051] x2apic enabled
[    3.400796] Switched APIC routing to physical x2apic.
[    3.402307] ..TIMER: vector=0x30 apic1=0 pin1=2 apic2=-1 pin2=-1
[    3.511007] smpboot: CPU0: Intel(R) Core(TM) i7-4790 CPU @ 3.60GHz (family: 0x6, model: 0x3c, stepping: 0x3)
[    3.656784] Performance Events: unsupported p6 CPU model 60 no PMU driver, software events only.
[    3.703426] KVM setup paravirtual spinlock
[    3.743867] x86: Booting SMP configuration:
[    3.816053] .... node  #0, CPUs:      #1
[    3.918311] kvm-clock: cpu 1, msr 0:7ffe3041, secondary cpu clock
[    3.959319] mce: CPU supports 0 MCE banks
[    3.961881] x86: Booted up 1 node, 2 CPUs
[    3.962898] smpboot: Total of 2 processors activated (14366.80 BogoMIPS)
[    3.964588] devtmpfs: initialized
[    3.966501] evm: security.selinux
[    3.967079] evm: security.SMACK64
[    3.971117] evm: security.SMACK64EXEC
[    3.977432] evm: security.SMACK64TRANSMUTE
[    3.978333] evm: security.SMACK64MMAP
[    3.979037] evm: security.ima
[    3.979767] evm: security.capability
[    3.980628] clocksource: jiffies: mask: 0xffffffff max_cycles: 0xffffffff, max_idle_ns: 7645041785100000 ns
[    3.981972] futex hash table entries: 512 (order: 3, 32768 bytes)
[    3.983022] pinctrl core: initialized pinctrl subsystem
[    3.983982] RTC time: 11:54:21, date: 11/02/18
[    3.984933] NET: Registered protocol family 16
[    4.013653] cpuidle: using governor ladder
[    4.140611] cpuidle: using governor menu
[    4.231829] PCCT header not found.
[    4.270875] ACPI: bus type PCI registered
[    4.327420] acpiphp: ACPI Hot Plug PCI Controller Driver version: 0.5
[    4.343560] PCI: Using configuration type 1 for base access
[    4.356667] ACPI: Added _OSI(Module Device)
[    4.363684] ACPI: Added _OSI(Processor Device)
[    4.464983] ACPI: Added _OSI(3.0 _SCP Extensions)
[    4.559487] ACPI: Added _OSI(Processor Aggregator Device)
[    4.669645] ACPI: Executed 1 blocks of module-level executable AML code
[    4.767050] ACPI: Interpreter enabled
[    4.840688] ACPI: (supports S0 S5)
[    4.909989] ACPI: Using IOAPIC for interrupt routing
[    4.989310] PCI: Using host bridge windows from ACPI; if necessary, use "pci=nocrs" and report a bug
[    5.029758] ACPI: PCI Root Bridge [PCI0] (domain 0000 [bus 00-ff])
[    5.092960] acpi PNP0A03:00: _OSC: OS supports [ASPM ClockPM Segments MSI]
[    5.143467] acpi PNP0A03:00: _OSC: not requesting OS control; OS requires [ExtendedConfig ASPM ClockPM MSI]
[    5.190149] acpi PNP0A03:00: fail to add MMCONFIG information, can't access extended PCI configuration space under this bridge.
[    5.191860] PCI host bridge to bus 0000:00
[    5.192456] pci_bus 0000:00: root bus resource [io  0x0000-0x0cf7 window]
[    5.193314] pci_bus 0000:00: root bus resource [io  0x0d00-0xffff window]
[    5.196196] pci_bus 0000:00: root bus resource [mem 0x000a0000-0x000bffff window]
[    5.197359] pci_bus 0000:00: root bus resource [mem 0x80000000-0xfdffffff window]
[    5.198473] pci_bus 0000:00: root bus resource [bus 00-ff]
[    5.200458] pci 0000:00:01.1: legacy IDE quirk: reg 0x10: [io  0x01f0-0x01f7]
[    5.201352] pci 0000:00:01.1: legacy IDE quirk: reg 0x14: [io  0x03f6]
[    5.202183] pci 0000:00:01.1: legacy IDE quirk: reg 0x18: [io  0x0170-0x0177]
[    5.203088] pci 0000:00:01.1: legacy IDE quirk: reg 0x1c: [io  0x0376]
[    5.227177] pci 0000:00:07.0: quirk: [io  0x4000-0x403f] claimed by PIIX4 ACPI
[    5.402289] pci 0000:00:07.0: quirk: [io  0x4100-0x410f] claimed by PIIX4 SMB
[    5.552631] ACPI: PCI Interrupt Link [LNKA] (IRQs 5 9 10 *11)
[    5.679410] ACPI: PCI Interrupt Link [LNKB] (IRQs 5 9 *10 11)
[    5.823943] ACPI: PCI Interrupt Link [LNKC] (IRQs 5 *9 10 11)
[    5.981130] ACPI: PCI Interrupt Link [LNKD] (IRQs 5 9 10 *11)
[    6.127611] ACPI: Enabled 2 GPEs in block 00 to 07
[    6.131051] vgaarb: setting as boot device: PCI:0000:00:02.0
[    6.131850] vgaarb: device added: PCI:0000:00:02.0,decodes=io+mem,owns=io+mem,locks=none
[    6.132972] vgaarb: loaded
[    6.133440] vgaarb: bridge control possible 0000:00:02.0
[    6.134303] SCSI subsystem initialized
[    6.134940] ACPI: bus type USB registered
[    6.135545] usbcore: registered new interface driver usbfs
[    6.136323] usbcore: registered new interface driver hub
[    6.182218] usbcore: registered new device driver usb
[    6.256842] PCI: Using ACPI for IRQ routing
[    6.257861] NetLabel: Initializing
[    6.292463] NetLabel:  domain hash size = 128
[    6.394030] NetLabel:  protocols = UNLABELED CIPSOv4
[    6.446880] NetLabel:  unlabeled traffic allowed by default
[    6.447840] amd_nb: Cannot enumerate AMD northbridges
[    6.598477] clocksource: Switched to clocksource kvm-clock
[   .720 AArorAprmr lesystem Enabled
[    7.065672] pnp: PnP ACPI init
[    7.066766] pnp: PnP ACPI: found 3 devices

[    7.078501] clckoue:cpim:as: 0xff m_cle 0fff,axdlns207024s  7.86] T:egstedprocl family 

[    8.279296] TCP established hash table enties: 16384 (order: 5, 102 yt)
[  4497TCbid shab eri: 63 (de 62644yts)[  9663] T: shabs nfur (taisd 38bi 184
[  9980]DPastae trs: 14 (order:  368 byte)  0.28] P-teastae trs:02(order: 3, 32768 bytes)

[   10.941290] NET: Regitered protocol family 1
[   10.963528] pci 0000:00:00.0: Limiting direct PCI/PCI transfers
[   10.964321] pci 0000:00:01.0: Activating ISA DMA hang workarounds[ 108488 Uacngniams...

[   11.489145] Freeing initrd memory: 14792K
[   11.501357] RAPL PMU detected, API unit is 2^-32 Joules, 4 fixed counters 10737418240 ms ovfl timer
[   11.518777] hw unit of domain pp0-core 2^-0 Joules
[   11.523802] hw unit of domain package 2^-0 Joules
[   11.524452] hw unit of domain dram 2^-0 Joules
[   11.525060] hw unit of domain pp1-gpu 2^-0 Joules
[   11.525742] platform rtc_cmos: registered platform RTC device (no PNP device found)
[   11.526863] Scanning for low memory corruption every 60 seconds
[   11.534955] audit: initializing netlink subsys (disabled)
[   11.592067] audit: type=2000 audit(1541159668.644:1): initialized
[   11.722082] Initialise system trusted keyring
[   11.818106] HugeTLB registered 2 MB page size, pre-allocated 0 pages
[   11.871371] zbud: loaded
[   11.889750] VFS: Disk quotas dquot_6.6.0
[   11.890369] VFS: Dquot-cache hash table entries: 512 (order 0, 4096 bytes)
[   11.893529] squashfs: version 4.0 (2009/01/31) Phillip Lougher
[   11.894498] fuse init (API version 7.23)
[   11.895168] Key type big_key registered
[   11.895739] Allocating IMA MOK and blacklist keyrings.
[   11.897476] Key type asymmetric registered
[   11.898101] Asymmetric key parser 'x509' registered
[   11.898852] Block layer SCSI generic (bsg) driver version 0.4 loaded (major 249)
[   11.900025] io scheduler noop registered
[   11.900591] io scheduler deadline registered (default)
[   11.901291] io scheduler cfq registered
[   11.901916] pci_hotplug: PCI Hot Plug PCI Core version: 0.5
[   11.902651] pciehp: PCI Express Hot Plug Controller Driver version: 0.4
[   11.903876] ACPI: AC Adapter [AC] (on-line)
[   11.908443] input: Power Button as /devices/LNXSYSTM:00/LNXPWRBN:00/input/input0
[   11.948934] ACPI: Power Button [PWRF]
[   11.951575] input: Sleep Button as /devices/LNXSYSTM:00/LNXSLPBN:00/input/input1
[   11.952710] ACPI: Sleep Button [SLPF]
[   11.953450] GHES: HEST is not enabled!
[   11.954199] Serial: 8250/16550 driver, 32 ports, IRQ sharing enabled
[   12.007450] 00:02: ttyS0 at I/O 0x3f8 (irq = 4, base_baud = 115200) is a 16550A
[   12.122247] Linux agpgart interface v0.103
[   12.171199] loop: module loaded
[   12.227376] scsi host0: ata_piix
[   12.227997] scsi host1: ata_piix
[   12.228536] ata1: PATA max UDMA/33 cmd 0x1f0 ctl 0x3f6 bmdma 0xd000 irq 14
[   12.229405] ata2: PATA max UDMA/33 cmd 0x170 ctl 0x376 bmdma 0xd008 irq 15
[   12.230334] libphy: Fixed MDIO Bus: probed
[   12.237672] tun: Universal TUN/TAP device driver, 1.6
[   12.259489] tun: (C) 1999-2004 Max Krasnyansky <maxk@qualcomm.com>
[   12.268140] PPP generic driver version 2.4.2
[   12.289169] ehci_hcd: USB 2.0 'Enhanced' Host Controller (EHCI) Driver
[   12.391714] ehci-pci: EHCI PCI platform driver
[   12.450216] ehci-platform: EHCI generic platform driver
[   12.523147] tsc: Refined TSC clocksource calibration: 3594.369 MHz
[   12.523149] clocksource: tsc: mask: 0xffffffffffffffff max_cycles: 0x33cf8ba1d86, max_idle_ns: 440795257570 ns
[   12.528550] ohci_hcd: USB 1.1 'Open' Host Controller (OHCI) Driver
[   12.529367] ohci-pci: OHCI PCI platform driver
[   12.530020] ohci-platform: OHCI generic platform driver
[   12.530735] uhci_hcd: USB Universal Host Controller Interface driver
[   12.531632] i8042: PNP: PS/2 Controller [PNP0303:PS2K,PNP0f03:PS2M] at 0x60,0x64 irq 1,12
[   12.533183] serio: i8042 KBD port at 0x60,0x64 irq 1
[   12.533879] serio: i8042 AUX port at 0x60,0x64 irq 12
[   12.534658] mousedev: PS/2 mouse device common for all mice
[   12.535825] input: AT Translated Set 2 keyboard as /devices/platform/i8042/serio0/input/input2
[   12.537041] rtc_cmos rtc_cmos: rtc core: registered rtc_cmos as rtc0
[   12.538018] rtc_cmos rtc_cmos: alarms up to one day, 114 bytes nvram
[   12.538834] i2c /dev entries driver
[   12.539384] device-mapper: uevent: version 1.0.3
[   12.540073] device-mapper: ioctl: 4.34.0-ioctl (2015-10-28) initialised: dm-devel@redhat.com
[   12.541236] ledtrig-cpu: registered to indicate activity on CPUs
[   12.542434] NET: Registered protocol family 10
[   12.543349] NET: Registered protocol family 17
[   12.637695] Key type dns_resolver registered
[   12.720907] registered taskstats version 1
[   12.755936] Loading compiled-in X.509 certificates
[   12.759708] Loaded X.509 cert 'Build time autogenerated kernel key: 9a104bc44b81e9426fe5c715e47d021d02d69eba'
[   12.765574] zswap: loaded using pool lzo/zbud
[   12.767625] Key type trusted registered
[   12.770600] Key type encrypted registered
[   12.814459] AppArmor: AppArmor sha1 policy hashing enabled
[   12.914067] ima: No TPM chip found, activating TPM-bypass!
[   13.008692] ima: Allocated hash algorithm: sha1
[   13.009388] evm: HMAC attrs: 0x1
[   13.010166]   Magic number: 10:237:933
[   13.010913] rtc_cmos rtc_cmos: setting system clock to 2018-11-02 11:54:30 UTC (1541159670)
[   13.012210] BIOS EDD facility v0.16 2004-Jun-25, 0 devices found
[   13.014998] EDD information not available.
[   13.016584] Freeing unused kernel memory: 1528K
[   13.086832] Write protecting the kernel read-only data: 14336k
[   13.154774] Freeing unused kernel memory: 1664K
[   13.220956] Freeing unused kernel memory: 92K
Loading, please [   13.278229] random: systemd-udevd: uninitialized urandom read (16 bytes read, 2 bits of entropy available)
wait...
startin[   13.278616] random: udevadm: uninitialized urandom read (16 bytes read, 2 bits of entropy available)
g version 229
[   13.278634] random: udevadm: uninitialized urandom read (16 bytes read, 2 bits of entropy available)
[   13.284091] random: udevadm: uninitialized urandom read (16 bytes read, 2 bits of entropy available)
[   13.284118] random: udevadm: uninitialized urandom read (16 bytes read, 2 bits of entropy available)
[   13.284203] random: udevadm: uninitialized urandom read (16 bytes read, 2 bits of entropy available)
[   13.284236] random: udevadm: uninitialized urandom read (16 bytes read, 2 bits of entropy available)
[   13.284267] random: udevadm: uninitialized urandom read (16 bytes read, 2 bits of entropy available)
[   13.284298] random: udevadm: uninitialized urandom read (16 bytes read, 2 bits of entropy available)
[   13.284330] random: udevadm: uninitialized urandom read (16 bytes read, 2 bits of entropy available)
[   13.511928] Fusion MPT base driver 3.04.20
[   13.574258] Copyright (c) 1999-2008 LSI Corporation
[   13.588279] e1000: Intel(R) PRO/1000 Network Driver - version 7.3.21-k8-NAPI
[   13.592959] e1000: Copyright (c) 1999-2006 Intel Corporation.
[   13.691131] Fusion MPT SPI Host driver 3.04.20
[   13.732610] AVX2 version of gcm_enc/dec engaged.
[   13.761539] AES CTR mode by8 optimization enabled
[   13.883394] input: ImExPS/2 Generic Explorer Mouse as /devices/platform/i8042/serio1/input/input4
[   14.053377] e1000 0000:00:03.0 eth0: (PCI:33MHz:32-bit) 02:8f:0a:cd:38:b7
[   14.167673] e1000 0000:00:03.0 eth0: Intel(R) PRO/1000 Network Connection
[   14.272276] e1000 0000:00:03.0 enp0s3: renamed from eth0
[   14.524354] mptbase: ioc0: Initiating bringup
[   14.592166] ioc0: LSI53C1030 A0: Capabilities={Initiator}
[   14.827395] scsi host2: ioc0: LSI53C1030 A0, FwRev=00000000h, Ports=1, MaxQ=256, IRQ=20
[   15.008242] scsi 2:0:0:0: Direct-Access     VBOX     HARDDISK         1.0  PQ: 0 ANSI: 5
[   16.306450] scsi target2:0:0: Beginning Domain Validation
[   16.307683] scsi target2:0:0: Domain Validation skipping write tests
[   16.308490] scsi target2:0:0: Ending Domain Validation
[   16.316415] scsi target2:0:0: asynchronous
[   16.317299] scsi 2:0:1:0: Direct-Access     VBOX     HARDDISK         1.0  PQ: 0 ANSI: 5
[   16.318486] scsi target2:0:1: Beginning Domain Validation
[   16.319642] scsi target2:0:1: Domain Validation skipping write tests
[   16.320458] scsi target2:0:1: Ending Domain Validation
[   16.327473] scsi target2:0:1: asynchronous
[   16.332155] sd 2:0:0:0: [sda] 20971520 512-byte logical blocks: (10.7 GB/10.0 GiB)
[   16.332270] sd 2:0:0:0: Attached scsi generic sg0 type 0
[   16.332664] sd 2:0:1:0: [sdb] 20480 512-byte logical blocks: (10.5 MB/10.0 MiB)
[   16.332765] sd 2:0:1:0: Attached scsi generic sg1 type 0
[   16.332848] sd 2:0:1:0: [sdb] Write Protect is off
[   16.332914] sd 2:0:1:0: [sdb] Incomplete mode parameter data
[   16.332915] sd 2:0:1:0: [sdb] Assuming drive cache: write through
[   16.339721] sd 2:0:0:0: [sda] Write Protect is off
[   16.340597] sd 2:0:0:0: [sda] Incomplete mode parameter data
[   16.341357] sd 2:0:0:0: [sda] Assuming drive cache: write through
[   16.348156]  sda: sda1
[   16.349115] sd 2:0:1:0: [sdb] Attached SCSI disk
[   16.428594] sd 2:0:0:0: [sda] Attached SCSI disk
Begin: Loading e[   17.802755] md: linear personality registered for level -1
ssential drivers[   17.895938] md: multipath personality registered for level -4
 ... [   17.989197] md: raid0 personality registered for level 0
[   17.991776] md: raid1 personality registered for level 1
[   18.062514] raid6: sse2x1   gen() 11550 MB/s
[   18.194844] raid6: sse2x1   xor()  9562 MB/s
[   18.355006] raid6: sse2x2   gen() 15905 MB/s
[   18.474570] raid6: sse2x2   xor() 10413 MB/s
[   18.598566] raid6: sse2x4   gen() 17916 MB/s
[   18.698664] raid6: sse2x4   xor() 12543 MB/s
[   18.822636] raid6: avx2x1   gen() 23290 MB/s
[   18.942726] raid6: avx2x2   gen() 27221 MB/s
[   19.106767] raid6: avx2x4   gen() 28862 MB/s
[   19.184656] raid6: using algorithm avx2x4 gen() 28862 MB/s
[   19.284332] raid6: using avx2x2 recovery algorithm
[   19.379956] xor: automatically using best checksumming function:
[   19.542682]    avx       : 33148.000 MB/sec
[   19.599569] async_tx: api initialized (async)
[   19.642338] md: raid6 personality registered for level 6
[   19.788140] md: raid5 personality registered for level 5
[   19.805069] md: raid4 personality registered for level 4
[   19.809707] md: raid10 personality registered for level 10
done.
Begin: Running /scripts/init-p[   19.959149] Btrfs loaded
remount ... done.
Begin: Mounting root file system ... Begin: Running /scripts/local-top ... done.
Begin: Running /scripts/local-premount ... Scanning for Btrfs filesystems
done.
Warning: fsck not present, so skipping root file system
[   20.067560] EXT4-fs (sda1): mounted filesystem with ordered data mode. Opts: (null)
done.
Begin: Running /scripts/local-bottom ... done.
Begin: Running /scripts/init-bottom ... done.
[   20.768270] systemd[1]: systemd 229 running in system mode. (+PAM +AUDIT +SELINUX +IMA +APPARMOR +SMACK +SYSVINIT +UTMP +LIBCRYPTSETUP +GCRYPT +GNUTLS +ACL +XZ -LZ4 +SECCOMP +BLKID +ELFUTILS +KMOD -IDN)
[   21.146660] systemd[1]: Detected virtualization oracle.
[   21.184579] systemd[1]: Detected architecture x86-64.

Welcome to [1mUbuntu 16.04.5 LTS[0m!

[   21.316030] systemd[1]: Set hostname to <ubuntu>.
[   21.361180] systemd[1]: Initializing machine ID from random generator.
[   21.363465] systemd[1]: Installed transient /etc/machine-id file.
[   21.519400] random: nonblocking pool is initialized
[   22.040787] systemd[1]: Started Forward Password Requests to Wall Directory Watch.
[[0;32m  OK  [0m] Started Forward Password Requests to Wall Directory Watch.
[   22.046826] systemd[1]: Created slice User and Session Slice.
[[0;32m  OK  [0m] Created slice User and Session Slice.
[   22.050806] systemd[1]: Reached target System Time Synchronized.
[[0;32m  OK  [0m] Reached target System Time Synchronized.
[   22.054916] systemd[1]: Reached target Swap.
[[0;32m  OK  [0m] Reached target Swap.
[   22.057469] systemd[1]: Reached target Encrypted Volumes.
[[0;32m  OK  [0m] Reached target Encrypted Volumes.
[   22.059559] systemd[1]: Listening on udev Kernel Socket.
[[0;32m  OK  [0m] Listening on udev Kernel Socket.
[   22.061804] systemd[1]: Created slice System Slice.
[[0;32m  OK  [0m] Created slice System Slice.
[   22.063764] systemd[1]: Reached target Slices.
[[0;32m  OK  [0m] Reached target Slices.
[   22.065592] systemd[1]: Started Trigger resolvconf update for networkd DNS.
[[0;32m  OK  [0m] Started Trigger resolvconf update for networkd DNS.
[   22.068078] systemd[1]: Listening on Journal Socket (/dev/log).
[[0;32m  OK  [0m] Listening on Journal Socket (/dev/log).
[   22.070293] systemd[1]: Listening on /dev/initctl Compatibility Named Pipe.
[[0;32m  OK  [0m] Listening on /dev/initctl Compatibility Named Pipe.
[   22.072782] systemd[1]: Listening on Syslog Socket.
[[0;32m  OK  [0m] Listening on Syslog Socket.
[   22.074725] systemd[1]: Listening on Device-mapper event daemon FIFOs.
[[0;32m  OK  [0m] Listening on Device-mapper event daemon FIFOs.
[   22.077095] systemd[1]: Listening on LVM2 poll daemon socket.
[[0;32m  OK  [0m] Listening on LVM2 poll daemon socket.
[   22.079278] systemd[1]: Listening on LVM2 metadata daemon socket.
[[0;32m  OK  [0m] Listening on LVM2 metadata daemon socket.
[   22.081624] systemd[1]: Set up automount Arbitrary Executable File Formats File System Automount Point.
[[0;32m  OK  [0m] Set up automount Arbitrary Executab...ats File System Automount Point.
[   22.085093] systemd[1]: Created slice system-serial\x2dgetty.slice.
[[0;32m  OK  [0m] Created slice system-serial\x2dgetty.slice.
[   22.087298] systemd[1]: Listening on udev Control Socket.
[[0;32m  OK  [0m] Listening on udev Control Socket.
[   22.088838] systemd[1]: Listening on Journal Audit Socket.
[[0;32m  OK  [0m] Listening on Journal Audit Socket.
[   22.090290] systemd[1]: Listening on Journal Socket.
[[0;32m  OK  [0m] Listening on Journal Socket.
[   22.106575] systemd[1]: Starting Remount Root and Kernel File Systems...
[   22.135048] EXT4-fs (sda1): re-mounted. Opts: (null)
         Starting Remount Root and Kernel File Systems...
[   22.290631] systemd[1]: Starting Load Kernel Modules...
         Starting Load Kernel Modules...
[   22.310086] systemd[1]: Mounting POSIX Message Queue File System...
         Mounting POSIX Message Queue File System...
[   22.312083] systemd[1]: Starting Uncomplicated firewall...
         Startin[   22.345591] Loading iSCSI transport class v2.0-870.
g Uncomplicated firewall...
[   22.418393] iscsi: registered transport (tcp)
[   22.520350] systemd[1]: Starting Set console keymap...
         Starting Set console keymap...
[   22.611349] systemd[1]: Starting Journal Service...
         Starting Journal Service...
[   22.718606] systemd[1]: Mounting Huge Pages File System...
         Mounting Huge Pages File System...
[   22.796137] systemd[1]: Starting Monitoring of LVM2 mirrors, snapshots etc. using dmeventd or progress polling...
         Starting Monitoring of LVM2 mirrors... dmeventd or progress polling...
[   22.798822] systemd[1]: Starting Nameserver information manager...
         Starting Nameserver information manager...
[   22.800683] systemd[1]: Starting Create list of required static device nodes for the current kernel...
[   22.804403] iscsi: registered transport (iser)
         Starting Create list of required st... nodes for the current kernel...
[   22.807574] systemd[1]: Mounting Debug File System...
         Mounting Debug File System...
[   22.861782] systemd[1]: Reached target User and Group Name Lookups.
[[0;32m  OK  [0m] Reached target User and Group Name Lookups.
[   23.055261] systemd[1]: Mounted POSIX Message Queue File System.
[[0;32m  OK  [0m] Mounted POSIX Message Queue File System.
[   23.083641] systemd[1]: Mounted Debug File System.
[[0;32m  OK  [0m] Mounted Debug File System.
[   23.084966] systemd[1]: Mounted Huge Pages File System.
[[0;32m  OK  [0m] Mounted Huge Pages File System.
[   23.134695] systemd[1]: Started Journal Service.
[[0;32m  OK  [0m] Started Journal Service.
[[0;32m  OK  [0m] Started Remount Root and Kernel File Systems.
[[0;32m  OK  [0m] Started Load Kernel Modules.
[[0;32m  OK  [0m] Started Uncomplicated firewall.
[[0;32m  OK  [0m] Started Set console keymap.
[[0;32m  OK  [0m] Started Create list of required sta...ce nodes for the current kernel.
[[0;32m  OK  [0m] Started Nameserver information manager.
[[0;32m  OK  [0m] Started LVM2 metadata daemon.
         Starting Create Static Device Nodes in /dev...
         Mounting FUSE Control File System...
         Starting Apply Kernel Variables...
         Starting udev Coldplug all Devices...
         Starting Load/Save Random Seed...
         Starting Flush Journal to Persistent Storage...
[[0;32m  OK  [0m] Mounted FUSE Control File System.
[[0;32m  OK  [0m] Started Load/Save Random Seed.
[   23.662042] systemd-journald[384]: Received request to flush runtime journal from PID 1
[[0;32m  OK  [0m] Started Apply Kernel Variables.
[[0;32m  OK  [0m] Started Monitoring of LVM2 mirrors,...ng dmeventd or progress polling.
[[0;32m  OK  [0m] Started Create Static Device Nodes in /dev.
[[0;32m  OK  [0m] Started Flush Journal to Persistent Storage.
[[0;32m  OK  [0m] Started udev Coldplug all Devices.
         Starting udev Kernel Device Manager...
[[0;32m  OK  [0m] Reached target Local File Systems (Pre).
[[0;32m  OK  [0m] Reached target Local File Systems.
         Starting Initial cloud-init job (pre-networking)...
         Starting Tell Plymouth To Write Out Runtime Data...
         Starting LSB: AppArmor initialization...
         Starting Commit a transient machine-id on disk...
         Starting Create Volatile Files and Directories...
         Starting Set console font and keymap...
[[0;32m  OK  [0m] Started udev Kernel Device Manager.
[[0;32m  OK  [0m] Started Tell Plymouth To Write Out Runtime Data.
[[0;32m  OK  [0m] Started Commit a transient machine-id on disk.
[[0;32m  OK  [0m] Started Create Volatile Files and Directories.
[[0;32m  OK  [0m] Found device /dev/ttyS0.
[[0;32m  OK  [0m] Listening on Load/Save RF Kill Switch Status /dev/rfkill Watch.
         Starting Update UTMP about System Boot/Shutdown...
[[0;32m  OK  [0m] Started Dispatch Password Requests to Console Directory Watch.
[[0;32m  OK  [0m] Started Update UTMP about System Boot/Shutdown.
[[0;32m  OK  [0m] Started Set console font and keymap.
[[0;32m  OK  [0m] Created slice system-getty.slice.
[[0;32m  OK  [0m] Started LSB: AppArmor initialization.
[   22.051085] cloud-init[459]: Cloud-init v. 18.4-0ubuntu1~16.04.2 running 'init-local' at Fri, 02 Nov 2018 11:54:45 +0000. Up 21.65 seconds.
[[0;32m  OK  [0m] Started Initial cloud-init job (pre-networking).
[[0;32m  OK  [0m] Reached target Network (Pre).
         Starting Raise network interfaces...
[[0;32m  OK  [0m] Started Raise network interfaces.
[[0;32m  OK  [0m] Reached target Network.
         Starting Initial cloud-init job (metadata service crawler)...
[   24.375782] cloud-init[922]: Cloud-init v. 18.4-0ubuntu1~16.04.2 running 'init' at Fri, 02 Nov 2018 11:54:46 +0000. Up 22.90 seconds.
[   24.440526] cloud-init[922]: ci-info: +++++++++++++++++++++++++++++++++++++Net device info++++++++++++++++++++++++++++++++++++++
[   24.493900] cloud-init[922]: ci-info: +--------+------+---------------------------+---------------+--------+-------------------+
[[0;32m  OK  [0m] Started Initial cloud-init job (metadata service crawler).
[   24.562581] cloud-init[922]: ci-info: | Device |  Up  |          Address          |      Mask     | Scope  |     Hw-Address    |
[   24.673697] cloud-init[922]: ci-info: +--------+------+---------------------------+---------------+--------+-------------------+
[   24.745484] cloud-init[922]: ci-info: | enp0s3 | True |         10.0.2.15         | 255.255.255.0 | global | 02:8f:0a:cd:38:b7 |
[   24.805417] cloud-init[922]: ci-info: | enp0s3 | True | fe80::8f:aff:fecd:38b7/64 |       .       |  link  | 02:8f:0a:cd:38:b7 |
[[0;32m  OK  [0m] Reached target Network is Online.
[   24.852673] cloud-init[922]: ci-info: |   lo   | True |         127.0.0.1         |   255.0.0.0   |  host  |         .         |
[   24.962593] cloud-init[922]: ci-info: |   lo   | True |          ::1/128          |       .       |  host  |         .         |
         Starting iSCSI initiator daemon (iscsid)...
[   24.964288] [cloud-init[0;32m  OK  [0m[922]: ] ci-info: +--------+------+---------------------------+---------------+--------+-------------------+Reached target System Initialization.

[   25.062662] [cloud-init[0;32m  OK  [0m[922]: ] ci-info: +++++++++++++++++++++++++++Route IPv4 info++++++++++++++++++++++++++++Listening on D-Bus System Message Bus Socket.

[   25.269289]          Starting LXD - unix socket.
[[0;32m  OK  [0m] Listening on UUID daemon activation socket.
cloud-init[922]: ci-info: +-------+-------------+----------+---------------+-----------+-------+
[   25.313725]          Starting Socket activation for snappy daemon.
[[0;32m  OK  [0m] Started Daily apt download activities.
[[0;32m  OK  [0m] Started Daily apt upgrade and clean activities.
[[0;32m  OK  [0m] Listening on ACPID Listen Socket.
cloud-init[922]: ci-info: | Route | Destination | Gateway  |    Genmask    | Interface | Flags |
[   25.327358] cloud-init[922]: ci-info: +-------+-------------+----------+---------------+-----------+-------+
[   25.331913] cloud-init[922]: ci-info: |   0   |   0.0.0.0   | 10.0.2.2 |    0.0.0.0    |   enp0s3  |   UG  |
[   25.335032] cloud-init[922]: ci-info: |   1   |   10.0.2.0  | 0.0.0.0  | 255.255.255.0 |   enp0s3  |   U   |
[   25.384370] [cloud-init[0;32m  OK  [0m[922]: ] ci-info: +-------+-------------+----------+---------------+-----------+-------+Started ACPI Events Check.

[[0;32m  OK  [0m] Reached target Paths.
[[0;32m  OK  [0m] Started Daily Cleanup of Temporary Directories.
[   25.384782] cloud-init[922]: ci-info: +++++++++++++++++++Route IPv6 info+++++++++++++++++++
[   25.573449] [cloud-init[0;32m  OK  [0m[922]: ] ci-info: +-------+-------------+---------+-----------+-------+Reached target Timers.

[   25.575201] [cloud-init[0;32m  OK  [0m[922]: ] ci-info: | Route | Destination | Gateway | Interface | Flags |Reached target Cloud-config availability.

[   25.650856] cloud-init[922]: ci-info: +-------+-------------+---------+-----------+-------+
[   25.767146] cloud-init[922]: ci-info: |   0   |  fe80::/64  |    ::   |   enp0s3  |   U   |
[   25.768287] cloud-init[922]: ci-info: |   3   |   ff00::/8  |    ::   |   enp0s3  |   U   |
[[0;32m  OK  [0m] Listening on LXD - unix socket.
[   25.769208] cloud-init[922]: ci-info: +-------+-------------+---------+-----------+-------+
[   25.939839] cloud-init[922]: Generating public/private rsa key pair.
[[0;32m  OK  [0m] Listening on Socket activation for snappy daemon.
[   25.941462] cloud-init[922]: Your identification has been saved in /etc/ssh/ssh_host_rsa_key.
[   26.078899] cloud-init[922]: Your public key has been saved in /etc/ssh/ssh_host_rsa_key.pub.
[[0;32m  OK  [0m] Started iSCSI initiator daemon (iscsid).
[   26.079444] cloud-init[922]: The key fingerprint is:
[   26.293648] cloud-init[922]: SHA256:PcDbDX9KGatapFYKJJEvnbQEklwWC1SBA8RNZa3wcwA root@ubuntu-xenial
[   26.337131] cloud-init[922]: The key's randomart image is:
[   26.338272] cloud-init[922]: +---[RSA 2048]----+
         Starting Login to default iSCSI targets...
[   26.338852] cloud-init[922]: |+=*E@B.          |
[   26.429284] [cloud-init[0;32m  OK  [0m[922]: ] | .=*o+oo         |Reached target Sockets.

[[   26.430894] cloud-init[922]: |   .==+oo . .    |
[   26.447931] cloud-init[922]: |    .*=. = + +   |
[   26.448885] cloud-init[922]: |     .+ S * * .  |
[   26.449328] cloud-init[922]: |       . = + o   |
[   26.449855] cloud-init[922]: |        + o .    |
[0;32m  OK  [0m] Reached target Basic System.
[   26.450629] cloud-init[922]: |       . o       |
[   26.653292] cloud-init[922]: |        .        |
[   26.654359] cloud-init[922]: +----[SHA256]-----+
[[0;32m  OK  [0m] Started ACPI event daemon.
[   26.655071] cloud-init[922]: Generating public/private dsa key pair.
[   26.837159] [cloud-init[0;32m  OK  [0m[922]: ] Your identification has been saved in /etc/ssh/ssh_host_dsa_key.Started Regular background program processing daemon.

[   26.920888]          cloud-initStarting LSB: MD monitoring daemon...[922]: 
Your public key has been saved in /etc/ssh/ssh_host_dsa_key.pub.
[   27.005903]          cloud-initStarting Accounts Service...[922]: 
The key fingerprint is:
[   27.046088] [cloud-init[0;32m  OK  [0m[922]: ] SHA256:w13i0hzxiWcEdfS+uuoLeHHm9p1n6H4hG9E7v7heOqw root@ubuntu-xenialStarted FUSE filesystem for LXC.

[   27.047974] cloud-init[922]: The key's randomart image is:
[   27.145482] [cloud-init[0;32m  OK  [0m[922]: ] +---[DSA 1024]----+Started Deferred execution scheduler.

[   27.147361] cloud-init[922]: |          ooo.o  |
[[0;32m  OK  [0m] Started Unattended Upgrades Shutdown.
[   27.201072] cloud-init[922]: |           = o . |
[   27.265460]          cloud-initStarting /etc/rc.local Compatibility...[922]: 
|          + * . .|
[   27.304954] cloud-init[922]:          |       . = * . o |Starting Pollinate to seed the pseudo random number generator...

[   27.306638] cloud-init[922]: |        S.=o  . o|
[   27.393000]          cloud-initStarting Login Service...[922]: 
|        .o=  o +.|
[   27.437528] [cloud-init[0;32m  OK  [0m[922]: ] |       . o o. +++|Started D-Bus System Message Bus.

[   27.439282] cloud-init[922]: |        . o .+B *|
[   27.532776] cloud-init[922]: |          .E=@**o|
[   27.573049] cloud-init[922]: +----[SHA256]-----+
[   27.575357] cloud-init[922]: Generating public/private ecdsa key pair.
[   27.578184] cloud-init[922]: Your identification has been saved in /etc/ssh/ssh_host_ecdsa_key.
[   27.588476] cloud-init[922]: Your public key has been saved in /etc/ssh/ssh_host_ecdsa_key.pub.
[   27.638005] cloud-init[922]: The key fingerprint is:
[   27.665337] cloud-init[922]: SHA256:AfpN2PlAwv/NEq2JEGzoID4xTEDGHyNaIfsqyr+9TzM root@ubuntu-xenial
[   27.666406] cloud-init[922]: The key's randomart image is:
         Starting LXD - container startup/shutdown...
[   27.667077] cloud-init[922]: +---[ECDSA 256]---+
[   27.829076]          cloud-initStarting LSB: Record successful boot for GRUB...[922]: 
|O+.. +o .        |
[   27.873352]          cloud-initStarting Virtualbox guest utils...[922]: 
|oOoo..=* .       |
[   27.937179]          cloud-initStarting System Logging Service...[922]: 
|+o=o+..o*  .     |
[   27.977182] cloud-init[922]: |.+ ....o.+. .    |
[   27.978320] cloud-init[922]: |  o   ..So.*     |
         Starting Snappy daemon...
[   27.978875] cloud-init[922]: | .      . = o    |
[   28.075234] [[0;32m  OK  [0m] Started /etc/rc.local Compatibility.
cloud-init[922]: |o      E   .     |
[   28.116608] cloud-init[922]: |+   . . o        |
[   28.152293] cloud-init[922]: |...o.oo.         |
[   28.156075] cloud-init[922]: +----[SHA256]-----+
[   28.165467] cloud-init[922]: Generating public/private ed25519 key pair.
[   28.204830] cloud-init[922]: Your identification has been saved in /etc/ssh/ssh_host_ed25519_key.
[   28.248803] cloud-init[922]: Your public key has been saved in /etc/ssh/ssh_host_ed25519_key.pub.
[   28.292746] cloud-init[922]: The key fingerprint is:
[   28.328462] [cloud-init[0;32m  OK  [0m[922]: ] SHA256:jOfXGuBIk9BzU7+n2pU1RhLxgKgwz36+DJE34Vil6og root@ubuntu-xenialStarted Login Service.

[   28.329268] cloud-init[922]: The key's randomart image is:
[   28.413508]          cloud-initStarting Authenticate and Authorize Users to Run Privileged Tasks...[922]: 
+--[ED25519 256]--+
[   28.476732] cloud-init[922]: |          o..+.  |
[   28.505069] cloud-init[922]: |     +   ooo  +  |
[   28.544861] cloud-init[922]: |    . B ++  .. o |
[   28.561116] cloud-init[922]: |     . X*..  .o  |
[   28.593087] cloud-init[922]: |      *=S+  . .o.|
[   28.601164] cloud-init[922]: |    ..oBoo.. o.o.|
[   28.605165] cloud-init[922]: |   E ..o= o o o  |
[   28.607397] cloud-init[922]: |        oo = .   |
[   28.611029] cloud-init[922]: |         o+ .    |
[   28.612960] cloud-init[922]: +----[SHA256]-----+
[[0;32m  OK  [0m] Started Login to default iSCSI targets.
[[0;32m  OK  [0m] Started LSB: Record successful boot for GRUB.
[[0;32m  OK  [0m] Reached target Remote File Systems (Pre).
[[0;32m  OK  [0m] Reached target Remote File Systems.
         Starting Permit User Sessions...
         Starting LSB: Set the CPU Frequency Scaling governor to "ondemand"...
         Starting LSB: automatic crash report generation...
         Starting LSB: daemon to balance interrupts for SMP systems...
[[0;32m  OK  [0m] Started LSB: MD monitoring daemon.
[[0;32m  OK  [0m] Started Permit User Sessions.
[[0;32m  OK  [0m] Started System Logging Service.
[[0;32m  OK  [0m] Started Authenticate and Authorize Users to Run Privileged Tasks.
[[0;32m  OK  [0m] Started Accounts Service.
[[0;32m  OK  [0m] Started LSB: Set the CPU Frequency Scaling governor to "ondemand".
         Starting Hold until boot process finishes up...
         Starting Terminate Plymouth Boot Screen...
[[0;32m  OK  [0m] Started Hold until boot process finishes up.
         Starting Set console scheme...
[[0;32m  OK  [0m] Started Getty on tty1.
[[0;32m  OK  [0m] Started Serial Getty on ttyS0.
[[0;32m  OK  [0m] Reached target Login Prompts.
[[0;32m  OK  [0m] Started LSB: automatic crash report generation.
[[0;32m  OK  [0m] Started LSB: daemon to balance interrupts for SMP systems.
[[0;32m  OK  [0m] Started Terminate Plymouth Boot Screen.
[[0;32m  OK  [0m] Started Set console scheme.
[[0;32m  OK  [0m] Started Virtualbox guest utils.
[[0;32m  OK  [0m] Started Pollinate to seed the pseudo random number generator.
         Starting OpenBSD Secure Shell server...
[[0;32m  OK  [0m] Started OpenBSD Secure Shell server.
[[0;32m  OK  [0m] Started LXD - container startup/shutdown.
[[0;32m  OK  [0m] Started Snappy daemon.
         Starting Wait until snapd is fully seeded...
[[0;32m  OK  [0m] Created slice User Slice of vagrant.
         Starting User Manager for UID 1000...
[[0;32m  OK  [0m] Started Session 1 of user vagrant.
[[0;32m  OK  [0m] Started User Manager for UID 1000.
[[0;32m  OK  [0m] Started Wait until snapd is fully seeded.
[[0;32m  OK  [0m] Reached target Multi-User System.
[[0;32m  OK  [0m] Reached target Graphical Interface.
         Starting Update UTMP about System Runlevel Changes...
         Starting Apply the settings specified in cloud-config...
[[0;32m  OK  [0m] Started Update UTMP about System Runlevel Changes.
[   33.039676] cloud-init[1272]: Generating locales (this might take a while)...
[   34.182969] cloud-init[1272]:   en_US.UTF-8... done
[   34.183641] cloud-init[1272]: Generation complete.
[   35.087255] cloud-init[1272]: Cloud-init v. 18.4-0ubuntu1~16.04.2 running 'modules:config' at Fri, 02 Nov 2018 11:54:56 +0000. Up 32.62 seconds.

Ubuntu 16.04.5 LTS ubuntu-xenial ttyS0

ubuntu-xenial login: ci-info: no authorized ssh keys fingerprints found for user ubuntu.
<14>Nov  2 11:54:58 ec2: 
<14>Nov  2 11:54:58 ec2: #############################################################
<14>Nov  2 11:54:58 ec2: -----BEGIN SSH HOST KEY FINGERPRINTS-----
<14>Nov  2 11:54:58 ec2: 1024 SHA256:w13i0hzxiWcEdfS+uuoLeHHm9p1n6H4hG9E7v7heOqw root@ubuntu-xenial (DSA)
<14>Nov  2 11:54:58 ec2: 256 SHA256:AfpN2PlAwv/NEq2JEGzoID4xTEDGHyNaIfsqyr+9TzM root@ubuntu-xenial (ECDSA)
<14>Nov  2 11:54:58 ec2: 256 SHA256:jOfXGuBIk9BzU7+n2pU1RhLxgKgwz36+DJE34Vil6og root@ubuntu-xenial (ED25519)
<14>Nov  2 11:54:58 ec2: 2048 SHA256:PcDbDX9KGatapFYKJJEvnbQEklwWC1SBA8RNZa3wcwA root@ubuntu-xenial (RSA)
<14>Nov  2 11:54:58 ec2: -----END SSH HOST KEY FINGERPRINTS-----
<14>Nov  2 11:54:58 ec2: #############################################################
-----BEGIN SSH HOST KEY KEYS-----
ecdsa-sha2-nistp256 AAAAE2VjZHNhLXNoYTItbmlzdHAyNTYAAAAIbmlzdHAyNTYAAABBBKA7u/sN+D73TLAWRoFgwHo+Pz4+JP8rZGVUvTblGS7JR3pL48zPownizviKzr47iRHOBmEVPHk7a9LNiTooajI= root@ubuntu-xenial
ssh-ed25519 AAAAC3NzaC1lZDI1NTE5AAAAIEpTtv1a00ZrB7sZlLsBu5mvXoTFcY+oTg+1YYmKlY5+ root@ubuntu-xenial
ssh-rsa AAAAB3NzaC1yc2EAAAADAQABAAABAQCjUCY1vJgs5Kou2DRVAByTat9Qxp8PSiiF3hcCAsBpFSzSyxwkxH/+cFDG+F2ynXeo4DS7IDb6jEyMYU9xqZ7qSc/QQIjzjCjpnMvVa9FUjvCQITQBiwp6qHyOk9omLXTHaO1H+4iAfW7GpQgVkpbUDL2LZCP0na+QP4xT6LkOHYQcrsxhCet6F3bdOr15M1iTMUAgmUnBQbLJHCkjoAKXl+vElzv1Ck2EZAd2LHGngbsLYm6ExAA6UgQYKn2MSSK0ifIQDX9P08relYZn0FAQpLBee87EbT9bHK0K95yVX3dlQkHSE4OHuhnJzYV2IIHkoifFfFKikFdF7IXZA5sR root@ubuntu-xenial
-----END SSH HOST KEY KEYS-----
[   35.431528] cloud-init[1477]: Cloud-init v. 18.4-0ubuntu1~16.04.2 running 'modules:final' at Fri, 02 Nov 2018 11:54:58 +0000. Up 35.32 seconds.
[   35.431672] cloud-init[1477]: ci-info: no authorized ssh keys fingerprints found for user ubuntu.
[   35.431752] cloud-init[1477]: Cloud-init v. 18.4-0ubuntu1~16.04.2 finished at Fri, 02 Nov 2018 11:54:58 +0000. Datasource DataSourceNoCloud [seed=/dev/sdb][dsmode=net].  Up 35.42 seconds
